{"meta": {"format": 3, "version": "7.11.0", "timestamp": "2025-12-31T11:10:48.283177", "branch_coverage": false, "show_contexts": false}, "files": {"src\\__init__.py": {"executed_lines": [1, 7, 9, 10, 11, 13], "summary": {"covered_lines": 5, "num_statements": 5, "percent_covered": 100.0, "percent_covered_display": "100", "missing_lines": 0, "excluded_lines": 0}, "missing_lines": [], "excluded_lines": [], "functions": {"": {"executed_lines": [1, 7, 9, 10, 11, 13], "summary": {"covered_lines": 5, "num_statements": 5, "percent_covered": 100.0, "percent_covered_display": "100", "missing_lines": 0, "excluded_lines": 0}, "missing_lines": [], "excluded_lines": []}}, "classes": {"": {"executed_lines": [1, 7, 9, 10, 11, 13], "summary": {"covered_lines": 5, "num_statements": 5, "percent_covered": 100.0, "percent_covered_display": "100", "missing_lines": 0, "excluded_lines": 0}, "missing_lines": [], "excluded_lines": []}}}, "src\\api\\__init__.py": {"executed_lines": [1, 5, 7], "summary": {"covered_lines": 2, "num_statements": 2, "percent_covered": 100.0, "percent_covered_display": "100", "missing_lines": 0, "excluded_lines": 0}, "missing_lines": [], "excluded_lines": [], "functions": {"": {"executed_lines": [1, 5, 7], "summary": {"covered_lines": 2, "num_statements": 2, "percent_covered": 100.0, "percent_covered_display": "100", "missing_lines": 0, "excluded_lines": 0}, "missing_lines": [], "excluded_lines": []}}, "classes": {"": {"executed_lines": [1, 5, 7], "summary": {"covered_lines": 2, "num_statements": 2, "percent_covered": 100.0, "percent_covered_display": "100", "missing_lines": 0, "excluded_lines": 0}, "missing_lines": [], "excluded_lines": []}}}, "src\\api\\app.py": {"executed_lines": [1, 8, 9, 10, 11, 13, 14, 15, 16, 17, 18, 20, 21, 22, 23, 24, 26, 27, 30, 33, 36, 37, 49, 52, 53, 56, 59, 60, 63, 64, 67, 68, 69, 71, 73, 76, 77, 78, 82, 90, 91, 94, 103, 113, 114, 115, 116, 119, 120, 139, 140, 147, 150, 151, 164, 166, 168, 171, 174, 176, 185, 186, 187, 190, 191, 205, 207, 212, 213, 219, 221, 224, 225, 227, 236, 237, 243, 244, 267, 269, 276, 278, 281, 282, 284, 293, 294, 300, 301, 310, 311, 312, 314, 315, 318, 320, 334, 335, 336, 350, 351, 352, 354, 361, 362, 380, 381, 382], "summary": {"covered_lines": 107, "num_statements": 134, "percent_covered": 79.85074626865672, "percent_covered_display": "80", "missing_lines": 27, "excluded_lines": 0}, "missing_lines": [131, 132, 133, 135, 136, 238, 239, 240, 270, 295, 296, 297, 329, 330, 331, 356, 357, 358, 373, 374, 375, 377, 397, 398, 399, 401, 402], "excluded_lines": [], "functions": {"lifespan": {"executed_lines": [49, 52, 53, 56, 59, 60, 63, 64, 67, 68, 69, 71, 73, 76, 77, 78], "summary": {"covered_lines": 16, "num_statements": 16, "percent_covered": 100.0, "percent_covered_display": "100", "missing_lines": 0, "excluded_lines": 0}, "missing_lines": [], "excluded_lines": []}, "get_feed_service": {"executed_lines": [113, 114, 115, 116], "summary": {"covered_lines": 4, "num_statements": 4, "percent_covered": 100.0, "percent_covered_display": "100", "missing_lines": 0, "excluded_lines": 0}, "missing_lines": [], "excluded_lines": []}, "get_articles": {"executed_lines": [], "summary": {"covered_lines": 0, "num_statements": 5, "percent_covered": 0.0, "percent_covered_display": "0", "missing_lines": 5, "excluded_lines": 0}, "missing_lines": [131, 132, 133, 135, 136], "excluded_lines": []}, "root": {"executed_lines": [147], "summary": {"covered_lines": 1, "num_statements": 1, "percent_covered": 100.0, "percent_covered_display": "100", "missing_lines": 0, "excluded_lines": 0}, "missing_lines": [], "excluded_lines": []}, "get_main_feed": {"executed_lines": [164, 166, 168, 171, 174, 176, 185, 186, 187], "summary": {"covered_lines": 9, "num_statements": 9, "percent_covered": 100.0, "percent_covered_display": "100", "missing_lines": 0, "excluded_lines": 0}, "missing_lines": [], "excluded_lines": []}, "get_source_feed": {"executed_lines": [205, 207, 212, 213, 219, 221, 224, 225, 227, 236, 237], "summary": {"covered_lines": 11, "num_statements": 14, "percent_covered": 78.57142857142857, "percent_covered_display": "79", "missing_lines": 3, "excluded_lines": 0}, "missing_lines": [238, 239, 240], "excluded_lines": []}, "get_category_feed": {"executed_lines": [267, 269, 276, 278, 281, 282, 284, 293, 294], "summary": {"covered_lines": 9, "num_statements": 13, "percent_covered": 69.23076923076923, "percent_covered_display": "69", "missing_lines": 4, "excluded_lines": 0}, "missing_lines": [270, 295, 296, 297], "excluded_lines": []}, "health_check": {"executed_lines": [310, 311, 312, 314, 315, 318, 320], "summary": {"covered_lines": 7, "num_statements": 10, "percent_covered": 70.0, "percent_covered_display": "70", "missing_lines": 3, "excluded_lines": 0}, "missing_lines": [329, 330, 331], "excluded_lines": []}, "refresh_feeds": {"executed_lines": [350, 351, 352, 354], "summary": {"covered_lines": 4, "num_statements": 7, "percent_covered": 57.142857142857146, "percent_covered_display": "57", "missing_lines": 3, "excluded_lines": 0}, "missing_lines": [356, 357, 358], "excluded_lines": []}, "get_scheduler_status": {"executed_lines": [], "summary": {"covered_lines": 0, "num_statements": 4, "percent_covered": 0.0, "percent_covered_display": "0", "missing_lines": 4, "excluded_lines": 0}, "missing_lines": [373, 374, 375, 377], "excluded_lines": []}, "trigger_update": {"executed_lines": [], "summary": {"covered_lines": 0, "num_statements": 5, "percent_covered": 0.0, "percent_covered_display": "0", "missing_lines": 5, "excluded_lines": 0}, "missing_lines": [397, 398, 399, 401, 402], "excluded_lines": []}, "": {"executed_lines": [1, 8, 9, 10, 11, 13, 14, 15, 16, 17, 18, 20, 21, 22, 23, 24, 26, 27, 30, 33, 36, 37, 82, 90, 91, 94, 103, 119, 120, 139, 140, 150, 151, 190, 191, 243, 244, 300, 301, 334, 335, 336, 361, 362, 380, 381, 382], "summary": {"covered_lines": 46, "num_statements": 46, "percent_covered": 100.0, "percent_covered_display": "100", "missing_lines": 0, "excluded_lines": 0}, "missing_lines": [], "excluded_lines": []}}, "classes": {"": {"executed_lines": [1, 8, 9, 10, 11, 13, 14, 15, 16, 17, 18, 20, 21, 22, 23, 24, 26, 27, 30, 33, 36, 37, 49, 52, 53, 56, 59, 60, 63, 64, 67, 68, 69, 71, 73, 76, 77, 78, 82, 90, 91, 94, 103, 113, 114, 115, 116, 119, 120, 139, 140, 147, 150, 151, 164, 166, 168, 171, 174, 176, 185, 186, 187, 190, 191, 205, 207, 212, 213, 219, 221, 224, 225, 227, 236, 237, 243, 244, 267, 269, 276, 278, 281, 282, 284, 293, 294, 300, 301, 310, 311, 312, 314, 315, 318, 320, 334, 335, 336, 350, 351, 352, 354, 361, 362, 380, 381, 382], "summary": {"covered_lines": 107, "num_statements": 134, "percent_covered": 79.85074626865672, "percent_covered_display": "80", "missing_lines": 27, "excluded_lines": 0}, "missing_lines": [131, 132, 133, 135, 136, 238, 239, 240, 270, 295, 296, 297, 329, 330, 331, 356, 357, 358, 373, 374, 375, 377, 397, 398, 399, 401, 402], "excluded_lines": []}}}, "src\\api_client.py": {"executed_lines": [1, 8, 9, 10, 11, 13, 15, 16, 17, 19, 20, 23, 24, 31, 39, 40, 42, 57, 60, 61, 62, 63, 66, 67, 68, 69, 70, 73, 74, 75, 77, 80, 81, 83, 85, 100, 102, 105, 108, 109, 110, 113, 114, 115, 116, 119, 120, 121, 122, 124, 125, 128, 129, 131, 133, 134, 135, 140, 153, 154, 157, 159, 160, 161, 163, 164, 166, 167, 168, 169, 170, 171, 174, 176, 182, 197, 198, 200, 201, 204, 205, 206, 208, 211, 214, 215, 218, 219, 222, 223, 226, 227, 230, 243], "summary": {"covered_lines": 92, "num_statements": 98, "percent_covered": 93.87755102040816, "percent_covered_display": "94", "missing_lines": 6, "excluded_lines": 0}, "missing_lines": [136, 137, 138, 178, 179, 180], "excluded_lines": [], "functions": {"LoLNewsAPIClient.__init__": {"executed_lines": [39, 40], "summary": {"covered_lines": 2, "num_statements": 2, "percent_covered": 100.0, "percent_covered_display": "100", "missing_lines": 0, "excluded_lines": 0}, "missing_lines": [], "excluded_lines": []}, "LoLNewsAPIClient.get_build_id": {"executed_lines": [57, 60, 61, 62, 63, 66, 67, 68, 69, 70, 73, 74, 75, 77, 80, 81, 83], "summary": {"covered_lines": 17, "num_statements": 17, "percent_covered": 100.0, "percent_covered_display": "100", "missing_lines": 0, "excluded_lines": 0}, "missing_lines": [], "excluded_lines": []}, "LoLNewsAPIClient.fetch_news": {"executed_lines": [100, 102, 105, 108, 109, 110, 113, 114, 115, 116, 119, 120, 121, 122, 124, 125, 128, 129, 131, 133, 134, 135], "summary": {"covered_lines": 22, "num_statements": 25, "percent_covered": 88.0, "percent_covered_display": "88", "missing_lines": 3, "excluded_lines": 0}, "missing_lines": [136, 137, 138], "excluded_lines": []}, "LoLNewsAPIClient._parse_articles": {"executed_lines": [153, 154, 157, 159, 160, 161, 163, 164, 166, 167, 168, 169, 170, 171, 174, 176], "summary": {"covered_lines": 16, "num_statements": 19, "percent_covered": 84.21052631578948, "percent_covered_display": "84", "missing_lines": 3, "excluded_lines": 0}, "missing_lines": [178, 179, 180], "excluded_lines": []}, "LoLNewsAPIClient._transform_to_article": {"executed_lines": [197, 198, 200, 201, 204, 205, 206, 208, 211, 214, 215, 218, 219, 222, 223, 226, 227, 230, 243], "summary": {"covered_lines": 19, "num_statements": 19, "percent_covered": 100.0, "percent_covered_display": "100", "missing_lines": 0, "excluded_lines": 0}, "missing_lines": [], "excluded_lines": []}, "": {"executed_lines": [1, 8, 9, 10, 11, 13, 15, 16, 17, 19, 20, 23, 24, 31, 42, 85, 140, 182], "summary": {"covered_lines": 16, "num_statements": 16, "percent_covered": 100.0, "percent_covered_display": "100", "missing_lines": 0, "excluded_lines": 0}, "missing_lines": [], "excluded_lines": []}}, "classes": {"LoLNewsAPIClient": {"executed_lines": [39, 40, 57, 60, 61, 62, 63, 66, 67, 68, 69, 70, 73, 74, 75, 77, 80, 81, 83, 100, 102, 105, 108, 109, 110, 113, 114, 115, 116, 119, 120, 121, 122, 124, 125, 128, 129, 131, 133, 134, 135, 153, 154, 157, 159, 160, 161, 163, 164, 166, 167, 168, 169, 170, 171, 174, 176, 197, 198, 200, 201, 204, 205, 206, 208, 211, 214, 215, 218, 219, 222, 223, 226, 227, 230, 243], "summary": {"covered_lines": 76, "num_statements": 82, "percent_covered": 92.6829268292683, "percent_covered_display": "93", "missing_lines": 6, "excluded_lines": 0}, "missing_lines": [136, 137, 138, 178, 179, 180], "excluded_lines": []}, "": {"executed_lines": [1, 8, 9, 10, 11, 13, 15, 16, 17, 19, 20, 23, 24, 31, 42, 85, 140, 182], "summary": {"covered_lines": 16, "num_statements": 16, "percent_covered": 100.0, "percent_covered_display": "100", "missing_lines": 0, "excluded_lines": 0}, "missing_lines": [], "excluded_lines": []}}}, "src\\config.py": {"executed_lines": [1, 8, 10, 11, 14, 15, 23, 27, 31, 35, 41, 43, 44, 55, 56, 66, 67, 69, 70, 71, 73, 75, 77, 81, 82, 85, 86, 87, 88, 89, 92, 93, 96, 97, 100, 102, 103, 104, 107, 110, 113, 115, 116, 117, 119, 121, 123, 127, 130, 133, 137, 142, 143, 145, 146, 147, 150, 151, 161], "summary": {"covered_lines": 56, "num_statements": 64, "percent_covered": 87.5, "percent_covered_display": "88", "missing_lines": 8, "excluded_lines": 0}, "missing_lines": [51, 52, 53, 63, 74, 78, 120, 124], "excluded_lines": [], "functions": {"Settings.effective_database_path": {"executed_lines": [], "summary": {"covered_lines": 0, "num_statements": 3, "percent_covered": 0.0, "percent_covered_display": "0", "missing_lines": 3, "excluded_lines": 0}, "missing_lines": [51, 52, 53], "excluded_lines": []}, "Settings.effective_port": {"executed_lines": [], "summary": {"covered_lines": 0, "num_statements": 1, "percent_covered": 0.0, "percent_covered_display": "0", "missing_lines": 1, "excluded_lines": 0}, "missing_lines": [63], "excluded_lines": []}, "Settings.parse_supported_locales": {"executed_lines": [73, 75, 77], "summary": {"covered_lines": 3, "num_statements": 5, "percent_covered": 60.0, "percent_covered_display": "60", "missing_lines": 2, "excluded_lines": 0}, "missing_lines": [74, 78], "excluded_lines": []}, "Settings.parse_allowed_origins": {"executed_lines": [119, 121, 123], "summary": {"covered_lines": 3, "num_statements": 5, "percent_covered": 60.0, "percent_covered_display": "60", "missing_lines": 2, "excluded_lines": 0}, "missing_lines": [120, 124], "excluded_lines": []}, "get_settings": {"executed_lines": [161], "summary": {"covered_lines": 1, "num_statements": 1, "percent_covered": 100.0, "percent_covered_display": "100", "missing_lines": 0, "excluded_lines": 0}, "missing_lines": [], "excluded_lines": []}, "": {"executed_lines": [1, 8, 10, 11, 14, 15, 23, 27, 31, 35, 41, 43, 44, 55, 56, 66, 67, 69, 70, 71, 81, 82, 85, 86, 87, 88, 89, 92, 93, 96, 97, 100, 102, 103, 104, 107, 110, 113, 115, 116, 117, 127, 130, 133, 137, 142, 143, 145, 146, 147, 150, 151], "summary": {"covered_lines": 49, "num_statements": 49, "percent_covered": 100.0, "percent_covered_display": "100", "missing_lines": 0, "excluded_lines": 0}, "missing_lines": [], "excluded_lines": []}}, "classes": {"Settings": {"executed_lines": [73, 75, 77, 119, 121, 123], "summary": {"covered_lines": 6, "num_statements": 14, "percent_covered": 42.857142857142854, "percent_covered_display": "43", "missing_lines": 8, "excluded_lines": 0}, "missing_lines": [51, 52, 53, 63, 74, 78, 120, 124], "excluded_lines": []}, "Settings.Config": {"executed_lines": [], "summary": {"covered_lines": 0, "num_statements": 0, "percent_covered": 100.0, "percent_covered_display": "100", "missing_lines": 0, "excluded_lines": 0}, "missing_lines": [], "excluded_lines": []}, "": {"executed_lines": [1, 8, 10, 11, 14, 15, 23, 27, 31, 35, 41, 43, 44, 55, 56, 66, 67, 69, 70, 71, 81, 82, 85, 86, 87, 88, 89, 92, 93, 96, 97, 100, 102, 103, 104, 107, 110, 113, 115, 116, 117, 127, 130, 133, 137, 142, 143, 145, 146, 147, 150, 151, 161], "summary": {"covered_lines": 50, "num_statements": 50, "percent_covered": 100.0, "percent_covered_display": "100", "missing_lines": 0, "excluded_lines": 0}, "missing_lines": [], "excluded_lines": []}}}, "src\\database.py": {"executed_lines": [1, 8, 9, 11, 13, 15, 18, 19, 30, 37, 38, 40, 47, 48, 68, 69, 70, 72, 73, 75, 85, 86, 87, 88, 97, 98, 99, 100, 101, 102, 104, 114, 115, 116, 117, 118, 120, 131, 132, 134, 135, 145, 154, 155, 157, 167, 168, 169, 170, 171, 173, 180, 181, 182, 183, 185, 193], "summary": {"covered_lines": 55, "num_statements": 55, "percent_covered": 100.0, "percent_covered_display": "100", "missing_lines": 0, "excluded_lines": 0}, "missing_lines": [], "excluded_lines": [], "functions": {"ArticleRepository.__init__": {"executed_lines": [37, 38], "summary": {"covered_lines": 2, "num_statements": 2, "percent_covered": 100.0, "percent_covered_display": "100", "missing_lines": 0, "excluded_lines": 0}, "missing_lines": [], "excluded_lines": []}, "ArticleRepository.initialize": {"executed_lines": [47, 48, 68, 69, 70, 72, 73], "summary": {"covered_lines": 7, "num_statements": 7, "percent_covered": 100.0, "percent_covered_display": "100", "missing_lines": 0, "excluded_lines": 0}, "missing_lines": [], "excluded_lines": []}, "ArticleRepository.save": {"executed_lines": [85, 86, 87, 88, 97, 98, 99, 100, 101, 102], "summary": {"covered_lines": 10, "num_statements": 10, "percent_covered": 100.0, "percent_covered_display": "100", "missing_lines": 0, "excluded_lines": 0}, "missing_lines": [], "excluded_lines": []}, "ArticleRepository.save_many": {"executed_lines": [114, 115, 116, 117, 118], "summary": {"covered_lines": 5, "num_statements": 5, "percent_covered": 100.0, "percent_covered_display": "100", "missing_lines": 0, "excluded_lines": 0}, "missing_lines": [], "excluded_lines": []}, "ArticleRepository.get_latest": {"executed_lines": [131, 132, 134, 135, 145, 154, 155], "summary": {"covered_lines": 7, "num_statements": 7, "percent_covered": 100.0, "percent_covered_display": "100", "missing_lines": 0, "excluded_lines": 0}, "missing_lines": [], "excluded_lines": []}, "ArticleRepository.get_by_guid": {"executed_lines": [167, 168, 169, 170, 171], "summary": {"covered_lines": 5, "num_statements": 5, "percent_covered": 100.0, "percent_covered_display": "100", "missing_lines": 0, "excluded_lines": 0}, "missing_lines": [], "excluded_lines": []}, "ArticleRepository.count": {"executed_lines": [180, 181, 182, 183], "summary": {"covered_lines": 4, "num_statements": 4, "percent_covered": 100.0, "percent_covered_display": "100", "missing_lines": 0, "excluded_lines": 0}, "missing_lines": [], "excluded_lines": []}, "ArticleRepository.close": {"executed_lines": [193], "summary": {"covered_lines": 1, "num_statements": 1, "percent_covered": 100.0, "percent_covered_display": "100", "missing_lines": 0, "excluded_lines": 0}, "missing_lines": [], "excluded_lines": []}, "": {"executed_lines": [1, 8, 9, 11, 13, 15, 18, 19, 30, 40, 75, 104, 120, 157, 173, 185], "summary": {"covered_lines": 14, "num_statements": 14, "percent_covered": 100.0, "percent_covered_display": "100", "missing_lines": 0, "excluded_lines": 0}, "missing_lines": [], "excluded_lines": []}}, "classes": {"ArticleRepository": {"executed_lines": [37, 38, 47, 48, 68, 69, 70, 72, 73, 85, 86, 87, 88, 97, 98, 99, 100, 101, 102, 114, 115, 116, 117, 118, 131, 132, 134, 135, 145, 154, 155, 167, 168, 169, 170, 171, 180, 181, 182, 183, 193], "summary": {"covered_lines": 41, "num_statements": 41, "percent_covered": 100.0, "percent_covered_display": "100", "missing_lines": 0, "excluded_lines": 0}, "missing_lines": [], "excluded_lines": []}, "": {"executed_lines": [1, 8, 9, 11, 13, 15, 18, 19, 30, 40, 75, 104, 120, 157, 173, 185], "summary": {"covered_lines": 14, "num_statements": 14, "percent_covered": 100.0, "percent_covered_display": "100", "missing_lines": 0, "excluded_lines": 0}, "missing_lines": [], "excluded_lines": []}}}, "src\\integrations\\__init__.py": {"executed_lines": [1, 3, 5], "summary": {"covered_lines": 2, "num_statements": 2, "percent_covered": 100.0, "percent_covered_display": "100", "missing_lines": 0, "excluded_lines": 0}, "missing_lines": [], "excluded_lines": [], "functions": {"": {"executed_lines": [1, 3, 5], "summary": {"covered_lines": 2, "num_statements": 2, "percent_covered": 100.0, "percent_covered_display": "100", "missing_lines": 0, "excluded_lines": 0}, "missing_lines": [], "excluded_lines": []}}, "classes": {"": {"executed_lines": [1, 3, 5], "summary": {"covered_lines": 2, "num_statements": 2, "percent_covered": 100.0, "percent_covered_display": "100", "missing_lines": 0, "excluded_lines": 0}, "missing_lines": [], "excluded_lines": []}}}, "src\\integrations\\github_dispatcher.py": {"executed_lines": [1, 8, 9, 11, 13, 16, 17, 19, 27, 28, 29, 31, 41, 42, 43, 45, 68, 73, 79, 80, 81, 83, 84, 86, 87, 88, 89, 99, 102, 103, 112, 115, 116, 124, 127, 128, 137, 140, 141, 149, 152, 153, 154, 155, 166, 168, 169, 171, 179, 182, 190, 192, 193, 201, 202, 204, 205, 214, 216, 217, 226], "summary": {"covered_lines": 59, "num_statements": 60, "percent_covered": 98.33333333333333, "percent_covered_display": "98", "missing_lines": 1, "excluded_lines": 0}, "missing_lines": [228], "excluded_lines": [], "functions": {"GitHubWorkflowDispatcher.__init__": {"executed_lines": [27, 28, 29], "summary": {"covered_lines": 3, "num_statements": 3, "percent_covered": 100.0, "percent_covered_display": "100", "missing_lines": 0, "excluded_lines": 0}, "missing_lines": [], "excluded_lines": []}, "GitHubWorkflowDispatcher._mask_token": {"executed_lines": [41, 42, 43], "summary": {"covered_lines": 3, "num_statements": 3, "percent_covered": 100.0, "percent_covered_display": "100", "missing_lines": 0, "excluded_lines": 0}, "missing_lines": [], "excluded_lines": []}, "GitHubWorkflowDispatcher.trigger_workflow": {"executed_lines": [68, 73, 79, 80, 81, 83, 84, 86, 87, 88, 89, 99, 102, 103, 112, 115, 116, 124, 127, 128, 137, 140, 141, 149, 152, 153, 154, 155, 166, 168, 169, 171, 179, 182, 190, 192, 193, 201, 202, 204, 205, 214, 216, 217, 226], "summary": {"covered_lines": 45, "num_statements": 46, "percent_covered": 97.82608695652173, "percent_covered_display": "98", "missing_lines": 1, "excluded_lines": 0}, "missing_lines": [228], "excluded_lines": []}, "": {"executed_lines": [1, 8, 9, 11, 13, 16, 17, 19, 31, 45], "summary": {"covered_lines": 8, "num_statements": 8, "percent_covered": 100.0, "percent_covered_display": "100", "missing_lines": 0, "excluded_lines": 0}, "missing_lines": [], "excluded_lines": []}}, "classes": {"GitHubWorkflowDispatcher": {"executed_lines": [27, 28, 29, 41, 42, 43, 68, 73, 79, 80, 81, 83, 84, 86, 87, 88, 89, 99, 102, 103, 112, 115, 116, 124, 127, 128, 137, 140, 141, 149, 152, 153, 154, 155, 166, 168, 169, 171, 179, 182, 190, 192, 193, 201, 202, 204, 205, 214, 216, 217, 226], "summary": {"covered_lines": 51, "num_statements": 52, "percent_covered": 98.07692307692308, "percent_covered_display": "98", "missing_lines": 1, "excluded_lines": 0}, "missing_lines": [228], "excluded_lines": []}, "": {"executed_lines": [1, 8, 9, 11, 13, 16, 17, 19, 31, 45], "summary": {"covered_lines": 8, "num_statements": 8, "percent_covered": 100.0, "percent_covered_display": "100", "missing_lines": 0, "excluded_lines": 0}, "missing_lines": [], "excluded_lines": []}}}, "src\\models.py": {"executed_lines": [1, 8, 9, 10, 13, 14, 16, 17, 22, 23, 24, 45, 46, 47, 48, 49, 52, 53, 54, 55, 56, 59, 61, 68, 69, 70, 71, 72, 73, 75, 82, 96, 97, 110], "summary": {"covered_lines": 31, "num_statements": 31, "percent_covered": 100.0, "percent_covered_display": "100", "missing_lines": 0, "excluded_lines": 0}, "missing_lines": [], "excluded_lines": [], "functions": {"Article.__post_init__": {"executed_lines": [68, 69, 70, 71, 72, 73], "summary": {"covered_lines": 6, "num_statements": 6, "percent_covered": 100.0, "percent_covered_display": "100", "missing_lines": 0, "excluded_lines": 0}, "missing_lines": [], "excluded_lines": []}, "Article.to_dict": {"executed_lines": [82], "summary": {"covered_lines": 1, "num_statements": 1, "percent_covered": 100.0, "percent_covered_display": "100", "missing_lines": 0, "excluded_lines": 0}, "missing_lines": [], "excluded_lines": []}, "Article.from_dict": {"executed_lines": [110], "summary": {"covered_lines": 1, "num_statements": 1, "percent_covered": 100.0, "percent_covered_display": "100", "missing_lines": 0, "excluded_lines": 0}, "missing_lines": [], "excluded_lines": []}, "": {"executed_lines": [1, 8, 9, 10, 13, 14, 16, 17, 22, 23, 24, 45, 46, 47, 48, 49, 52, 53, 54, 55, 56, 59, 61, 75, 96, 97], "summary": {"covered_lines": 23, "num_statements": 23, "percent_covered": 100.0, "percent_covered_display": "100", "missing_lines": 0, "excluded_lines": 0}, "missing_lines": [], "excluded_lines": []}}, "classes": {"ArticleSource": {"executed_lines": [], "summary": {"covered_lines": 0, "num_statements": 0, "percent_covered": 100.0, "percent_covered_display": "100", "missing_lines": 0, "excluded_lines": 0}, "missing_lines": [], "excluded_lines": []}, "Article": {"executed_lines": [68, 69, 70, 71, 72, 73, 82, 110], "summary": {"covered_lines": 8, "num_statements": 8, "percent_covered": 100.0, "percent_covered_display": "100", "missing_lines": 0, "excluded_lines": 0}, "missing_lines": [], "excluded_lines": []}, "": {"executed_lines": [1, 8, 9, 10, 13, 14, 16, 17, 22, 23, 24, 45, 46, 47, 48, 49, 52, 53, 54, 55, 56, 59, 61, 75, 96, 97], "summary": {"covered_lines": 23, "num_statements": 23, "percent_covered": 100.0, "percent_covered_display": "100", "missing_lines": 0, "excluded_lines": 0}, "missing_lines": [], "excluded_lines": []}}}, "src\\rss\\__init__.py": {"executed_lines": [1, 7, 8, 10], "summary": {"covered_lines": 3, "num_statements": 3, "percent_covered": 100.0, "percent_covered_display": "100", "missing_lines": 0, "excluded_lines": 0}, "missing_lines": [], "excluded_lines": [], "functions": {"": {"executed_lines": [1, 7, 8, 10], "summary": {"covered_lines": 3, "num_statements": 3, "percent_covered": 100.0, "percent_covered_display": "100", "missing_lines": 0, "excluded_lines": 0}, "missing_lines": [], "excluded_lines": []}}, "classes": {"": {"executed_lines": [1, 7, 8, 10], "summary": {"covered_lines": 3, "num_statements": 3, "percent_covered": 100.0, "percent_covered_display": "100", "missing_lines": 0, "excluded_lines": 0}, "missing_lines": [], "excluded_lines": []}}}, "src\\rss\\feed_service.py": {"executed_lines": [1, 8, 10, 11, 12, 13, 14, 16, 17, 20, 21, 35, 45, 46, 49, 56, 66, 80, 83, 84, 85, 86, 89, 92, 95, 97, 99, 101, 118, 121, 122, 123, 124, 127, 130, 133, 136, 138, 140, 142, 157, 160, 161, 162, 163, 167, 170, 173, 176, 177, 179, 181, 188, 189], "summary": {"covered_lines": 52, "num_statements": 52, "percent_covered": 100.0, "percent_covered_display": "100", "missing_lines": 0, "excluded_lines": 0}, "missing_lines": [], "excluded_lines": [], "functions": {"FeedService.__init__": {"executed_lines": [45, 46, 49, 56], "summary": {"covered_lines": 4, "num_statements": 4, "percent_covered": 100.0, "percent_covered_display": "100", "missing_lines": 0, "excluded_lines": 0}, "missing_lines": [], "excluded_lines": []}, "FeedService.get_main_feed": {"executed_lines": [80, 83, 84, 85, 86, 89, 92, 95, 97, 99], "summary": {"covered_lines": 10, "num_statements": 10, "percent_covered": 100.0, "percent_covered_display": "100", "missing_lines": 0, "excluded_lines": 0}, "missing_lines": [], "excluded_lines": []}, "FeedService.get_feed_by_source": {"executed_lines": [118, 121, 122, 123, 124, 127, 130, 133, 136, 138, 140], "summary": {"covered_lines": 11, "num_statements": 11, "percent_covered": 100.0, "percent_covered_display": "100", "missing_lines": 0, "excluded_lines": 0}, "missing_lines": [], "excluded_lines": []}, "FeedService.get_feed_by_category": {"executed_lines": [157, 160, 161, 162, 163, 167, 170, 173, 176, 177, 179], "summary": {"covered_lines": 11, "num_statements": 11, "percent_covered": 100.0, "percent_covered_display": "100", "missing_lines": 0, "excluded_lines": 0}, "missing_lines": [], "excluded_lines": []}, "FeedService.invalidate_cache": {"executed_lines": [188, 189], "summary": {"covered_lines": 2, "num_statements": 2, "percent_covered": 100.0, "percent_covered_display": "100", "missing_lines": 0, "excluded_lines": 0}, "missing_lines": [], "excluded_lines": []}, "": {"executed_lines": [1, 8, 10, 11, 12, 13, 14, 16, 17, 20, 21, 35, 66, 101, 142, 181], "summary": {"covered_lines": 14, "num_statements": 14, "percent_covered": 100.0, "percent_covered_display": "100", "missing_lines": 0, "excluded_lines": 0}, "missing_lines": [], "excluded_lines": []}}, "classes": {"FeedService": {"executed_lines": [45, 46, 49, 56, 80, 83, 84, 85, 86, 89, 92, 95, 97, 99, 118, 121, 122, 123, 124, 127, 130, 133, 136, 138, 140, 157, 160, 161, 162, 163, 167, 170, 173, 176, 177, 179, 188, 189], "summary": {"covered_lines": 38, "num_statements": 38, "percent_covered": 100.0, "percent_covered_display": "100", "missing_lines": 0, "excluded_lines": 0}, "missing_lines": [], "excluded_lines": []}, "": {"executed_lines": [1, 8, 10, 11, 12, 13, 14, 16, 17, 20, 21, 35, 66, 101, 142, 181], "summary": {"covered_lines": 14, "num_statements": 14, "percent_covered": 100.0, "percent_covered_display": "100", "missing_lines": 0, "excluded_lines": 0}, "missing_lines": [], "excluded_lines": []}}}, "src\\rss\\generator.py": {"executed_lines": [1, 8, 9, 11, 13, 15, 18, 19, 33, 49, 50, 51, 52, 54, 68, 71, 72, 73, 74, 75, 76, 79, 80, 83, 84, 87, 89, 91, 93, 116, 119, 120, 121, 124, 125, 126, 127, 130, 131, 133, 135, 137, 140, 143, 144, 145, 148, 151, 154, 160, 177, 180, 181, 183, 184, 187, 189, 191, 208, 211, 212, 214, 215, 218, 220], "summary": {"covered_lines": 63, "num_statements": 63, "percent_covered": 100.0, "percent_covered_display": "100", "missing_lines": 0, "excluded_lines": 0}, "missing_lines": [], "excluded_lines": [], "functions": {"RSSFeedGenerator.__init__": {"executed_lines": [49, 50, 51, 52], "summary": {"covered_lines": 4, "num_statements": 4, "percent_covered": 100.0, "percent_covered_display": "100", "missing_lines": 0, "excluded_lines": 0}, "missing_lines": [], "excluded_lines": []}, "RSSFeedGenerator.generate_feed": {"executed_lines": [68, 71, 72, 73, 74, 75, 76, 79, 80, 83, 84, 87, 89, 91], "summary": {"covered_lines": 14, "num_statements": 14, "percent_covered": 100.0, "percent_covered_display": "100", "missing_lines": 0, "excluded_lines": 0}, "missing_lines": [], "excluded_lines": []}, "RSSFeedGenerator._add_article_entry": {"executed_lines": [116, 119, 120, 121, 124, 125, 126, 127, 130, 131, 133, 135, 137, 140, 143, 144, 145, 148, 151, 154], "summary": {"covered_lines": 20, "num_statements": 20, "percent_covered": 100.0, "percent_covered_display": "100", "missing_lines": 0, "excluded_lines": 0}, "missing_lines": [], "excluded_lines": []}, "RSSFeedGenerator.generate_feed_by_source": {"executed_lines": [177, 180, 181, 183, 184, 187, 189], "summary": {"covered_lines": 7, "num_statements": 7, "percent_covered": 100.0, "percent_covered_display": "100", "missing_lines": 0, "excluded_lines": 0}, "missing_lines": [], "excluded_lines": []}, "RSSFeedGenerator.generate_feed_by_category": {"executed_lines": [208, 211, 212, 214, 215, 218, 220], "summary": {"covered_lines": 7, "num_statements": 7, "percent_covered": 100.0, "percent_covered_display": "100", "missing_lines": 0, "excluded_lines": 0}, "missing_lines": [], "excluded_lines": []}, "": {"executed_lines": [1, 8, 9, 11, 13, 15, 18, 19, 33, 54, 93, 160, 191], "summary": {"covered_lines": 11, "num_statements": 11, "percent_covered": 100.0, "percent_covered_display": "100", "missing_lines": 0, "excluded_lines": 0}, "missing_lines": [], "excluded_lines": []}}, "classes": {"RSSFeedGenerator": {"executed_lines": [49, 50, 51, 52, 68, 71, 72, 73, 74, 75, 76, 79, 80, 83, 84, 87, 89, 91, 116, 119, 120, 121, 124, 125, 126, 127, 130, 131, 133, 135, 137, 140, 143, 144, 145, 148, 151, 154, 177, 180, 181, 183, 184, 187, 189, 208, 211, 212, 214, 215, 218, 220], "summary": {"covered_lines": 52, "num_statements": 52, "percent_covered": 100.0, "percent_covered_display": "100", "missing_lines": 0, "excluded_lines": 0}, "missing_lines": [], "excluded_lines": []}, "": {"executed_lines": [1, 8, 9, 11, 13, 15, 18, 19, 33, 54, 93, 160, 191], "summary": {"covered_lines": 11, "num_statements": 11, "percent_covered": 100.0, "percent_covered_display": "100", "missing_lines": 0, "excluded_lines": 0}, "missing_lines": [], "excluded_lines": []}}}, "src\\services\\__init__.py": {"executed_lines": [1, 8, 9, 11], "summary": {"covered_lines": 3, "num_statements": 3, "percent_covered": 100.0, "percent_covered_display": "100", "missing_lines": 0, "excluded_lines": 0}, "missing_lines": [], "excluded_lines": [], "functions": {"": {"executed_lines": [1, 8, 9, 11], "summary": {"covered_lines": 3, "num_statements": 3, "percent_covered": 100.0, "percent_covered_display": "100", "missing_lines": 0, "excluded_lines": 0}, "missing_lines": [], "excluded_lines": []}}, "classes": {"": {"executed_lines": [1, 8, 9, 11], "summary": {"covered_lines": 3, "num_statements": 3, "percent_covered": 100.0, "percent_covered_display": "100", "missing_lines": 0, "excluded_lines": 0}, "missing_lines": [], "excluded_lines": []}}}, "src\\services\\scheduler.py": {"executed_lines": [1, 8, 9, 10, 12, 13, 15, 16, 17, 18, 20, 21, 24, 25, 32, 40, 41, 42, 43, 44, 46, 48, 49, 50, 52, 55, 65, 66, 68, 70, 72, 73, 75, 76, 77, 78, 80, 87, 88, 90, 97, 98, 101, 102, 103, 104, 108, 115, 116, 121, 122, 124, 130, 131, 132, 133, 135, 142, 143, 144, 152], "summary": {"covered_lines": 59, "num_statements": 59, "percent_covered": 100.0, "percent_covered_display": "100", "missing_lines": 0, "excluded_lines": 0}, "missing_lines": [], "excluded_lines": [], "functions": {"NewsScheduler.__init__": {"executed_lines": [40, 41, 42, 43, 44], "summary": {"covered_lines": 5, "num_statements": 5, "percent_covered": 100.0, "percent_covered_display": "100", "missing_lines": 0, "excluded_lines": 0}, "missing_lines": [], "excluded_lines": []}, "NewsScheduler.start": {"executed_lines": [48, 49, 50, 52, 55, 65, 66, 68], "summary": {"covered_lines": 8, "num_statements": 8, "percent_covered": 100.0, "percent_covered_display": "100", "missing_lines": 0, "excluded_lines": 0}, "missing_lines": [], "excluded_lines": []}, "NewsScheduler.stop": {"executed_lines": [72, 73, 75, 76, 77, 78], "summary": {"covered_lines": 6, "num_statements": 6, "percent_covered": 100.0, "percent_covered_display": "100", "missing_lines": 0, "excluded_lines": 0}, "missing_lines": [], "excluded_lines": []}, "NewsScheduler.trigger_update_now": {"executed_lines": [87, 88], "summary": {"covered_lines": 2, "num_statements": 2, "percent_covered": 100.0, "percent_covered_display": "100", "missing_lines": 0, "excluded_lines": 0}, "missing_lines": [], "excluded_lines": []}, "NewsScheduler._update_job": {"executed_lines": [97, 98, 101, 102, 103, 104, 108, 115, 116, 121, 122, 124, 130, 131, 132, 133], "summary": {"covered_lines": 16, "num_statements": 16, "percent_covered": 100.0, "percent_covered_display": "100", "missing_lines": 0, "excluded_lines": 0}, "missing_lines": [], "excluded_lines": []}, "NewsScheduler.get_status": {"executed_lines": [142, 143, 144, 152], "summary": {"covered_lines": 4, "num_statements": 4, "percent_covered": 100.0, "percent_covered_display": "100", "missing_lines": 0, "excluded_lines": 0}, "missing_lines": [], "excluded_lines": []}, "": {"executed_lines": [1, 8, 9, 10, 12, 13, 15, 16, 17, 18, 20, 21, 24, 25, 32, 46, 70, 80, 90, 135], "summary": {"covered_lines": 18, "num_statements": 18, "percent_covered": 100.0, "percent_covered_display": "100", "missing_lines": 0, "excluded_lines": 0}, "missing_lines": [], "excluded_lines": []}}, "classes": {"NewsScheduler": {"executed_lines": [40, 41, 42, 43, 44, 48, 49, 50, 52, 55, 65, 66, 68, 72, 73, 75, 76, 77, 78, 87, 88, 97, 98, 101, 102, 103, 104, 108, 115, 116, 121, 122, 124, 130, 131, 132, 133, 142, 143, 144, 152], "summary": {"covered_lines": 41, "num_statements": 41, "percent_covered": 100.0, "percent_covered_display": "100", "missing_lines": 0, "excluded_lines": 0}, "missing_lines": [], "excluded_lines": []}, "": {"executed_lines": [1, 8, 9, 10, 12, 13, 15, 16, 17, 18, 20, 21, 24, 25, 32, 46, 70, 80, 90, 135], "summary": {"covered_lines": 18, "num_statements": 18, "percent_covered": 100.0, "percent_covered_display": "100", "missing_lines": 0, "excluded_lines": 0}, "missing_lines": [], "excluded_lines": []}}}, "src\\services\\update_service.py": {"executed_lines": [1, 8, 9, 10, 12, 13, 14, 15, 17, 18, 21, 22, 29, 36, 37, 41, 42, 43, 45, 53, 54, 56, 66, 67, 68, 69, 70, 71, 72, 74, 75, 76, 77, 78, 81, 82, 84, 85, 86, 88, 94, 96, 107, 110, 112, 115, 116, 117, 118, 119, 121, 122, 123, 125, 130, 132, 139], "summary": {"covered_lines": 55, "num_statements": 55, "percent_covered": 100.0, "percent_covered_display": "100", "missing_lines": 0, "excluded_lines": 0}, "missing_lines": [], "excluded_lines": [], "functions": {"UpdateService.__init__": {"executed_lines": [36, 37, 41, 42, 43], "summary": {"covered_lines": 5, "num_statements": 5, "percent_covered": 100.0, "percent_covered_display": "100", "missing_lines": 0, "excluded_lines": 0}, "missing_lines": [], "excluded_lines": []}, "UpdateService.update_all_sources": {"executed_lines": [53, 54, 56, 66, 67, 68, 69, 70, 71, 72, 74, 75, 76, 77, 78, 81, 82, 84, 85, 86, 88, 94], "summary": {"covered_lines": 22, "num_statements": 22, "percent_covered": 100.0, "percent_covered_display": "100", "missing_lines": 0, "excluded_lines": 0}, "missing_lines": [], "excluded_lines": []}, "UpdateService._update_source": {"executed_lines": [107, 110, 112, 115, 116, 117, 118, 119, 121, 122, 123, 125, 130], "summary": {"covered_lines": 13, "num_statements": 13, "percent_covered": 100.0, "percent_covered_display": "100", "missing_lines": 0, "excluded_lines": 0}, "missing_lines": [], "excluded_lines": []}, "UpdateService.get_status": {"executed_lines": [139], "summary": {"covered_lines": 1, "num_statements": 1, "percent_covered": 100.0, "percent_covered_display": "100", "missing_lines": 0, "excluded_lines": 0}, "missing_lines": [], "excluded_lines": []}, "": {"executed_lines": [1, 8, 9, 10, 12, 13, 14, 15, 17, 18, 21, 22, 29, 45, 96, 132], "summary": {"covered_lines": 14, "num_statements": 14, "percent_covered": 100.0, "percent_covered_display": "100", "missing_lines": 0, "excluded_lines": 0}, "missing_lines": [], "excluded_lines": []}}, "classes": {"UpdateService": {"executed_lines": [36, 37, 41, 42, 43, 53, 54, 56, 66, 67, 68, 69, 70, 71, 72, 74, 75, 76, 77, 78, 81, 82, 84, 85, 86, 88, 94, 107, 110, 112, 115, 116, 117, 118, 119, 121, 122, 123, 125, 130, 139], "summary": {"covered_lines": 41, "num_statements": 41, "percent_covered": 100.0, "percent_covered_display": "100", "missing_lines": 0, "excluded_lines": 0}, "missing_lines": [], "excluded_lines": []}, "": {"executed_lines": [1, 8, 9, 10, 12, 13, 14, 15, 17, 18, 21, 22, 29, 45, 96, 132], "summary": {"covered_lines": 14, "num_statements": 14, "percent_covered": 100.0, "percent_covered_display": "100", "missing_lines": 0, "excluded_lines": 0}, "missing_lines": [], "excluded_lines": []}}}, "src\\utils\\__init__.py": {"executed_lines": [1], "summary": {"covered_lines": 0, "num_statements": 0, "percent_covered": 100.0, "percent_covered_display": "100", "missing_lines": 0, "excluded_lines": 0}, "missing_lines": [], "excluded_lines": [], "functions": {"": {"executed_lines": [1], "summary": {"covered_lines": 0, "num_statements": 0, "percent_covered": 100.0, "percent_covered_display": "100", "missing_lines": 0, "excluded_lines": 0}, "missing_lines": [], "excluded_lines": []}}, "classes": {"": {"executed_lines": [1], "summary": {"covered_lines": 0, "num_statements": 0, "percent_covered": 100.0, "percent_covered_display": "100", "missing_lines": 0, "excluded_lines": 0}, "missing_lines": [], "excluded_lines": []}}}, "src\\utils\\cache.py": {"executed_lines": [1, 8, 9, 10, 12, 15, 16, 23, 30, 31, 33, 42, 43, 44, 45, 47, 57, 58, 59, 61, 63, 64, 65, 66, 68, 69, 71, 81, 82, 83, 84, 85, 87, 89, 90, 92, 99, 100, 102, 103, 105, 106, 108], "summary": {"covered_lines": 41, "num_statements": 41, "percent_covered": 100.0, "percent_covered_display": "100", "missing_lines": 0, "excluded_lines": 0}, "missing_lines": [], "excluded_lines": [], "functions": {"TTLCache.__init__": {"executed_lines": [30, 31], "summary": {"covered_lines": 2, "num_statements": 2, "percent_covered": 100.0, "percent_covered_display": "100", "missing_lines": 0, "excluded_lines": 0}, "missing_lines": [], "excluded_lines": []}, "TTLCache.set": {"executed_lines": [42, 43, 44, 45], "summary": {"covered_lines": 4, "num_statements": 4, "percent_covered": 100.0, "percent_covered_display": "100", "missing_lines": 0, "excluded_lines": 0}, "missing_lines": [], "excluded_lines": []}, "TTLCache.get": {"executed_lines": [57, 58, 59, 61, 63, 64, 65, 66, 68, 69], "summary": {"covered_lines": 10, "num_statements": 10, "percent_covered": 100.0, "percent_covered_display": "100", "missing_lines": 0, "excluded_lines": 0}, "missing_lines": [], "excluded_lines": []}, "TTLCache.delete": {"executed_lines": [81, 82, 83, 84, 85], "summary": {"covered_lines": 5, "num_statements": 5, "percent_covered": 100.0, "percent_covered_display": "100", "missing_lines": 0, "excluded_lines": 0}, "missing_lines": [], "excluded_lines": []}, "TTLCache.clear": {"executed_lines": [89, 90], "summary": {"covered_lines": 2, "num_statements": 2, "percent_covered": 100.0, "percent_covered_display": "100", "missing_lines": 0, "excluded_lines": 0}, "missing_lines": [], "excluded_lines": []}, "TTLCache.cleanup_expired": {"executed_lines": [99, 100, 102, 103, 105, 106, 108], "summary": {"covered_lines": 7, "num_statements": 7, "percent_covered": 100.0, "percent_covered_display": "100", "missing_lines": 0, "excluded_lines": 0}, "missing_lines": [], "excluded_lines": []}, "": {"executed_lines": [1, 8, 9, 10, 12, 15, 16, 23, 33, 47, 71, 87, 92], "summary": {"covered_lines": 11, "num_statements": 11, "percent_covered": 100.0, "percent_covered_display": "100", "missing_lines": 0, "excluded_lines": 0}, "missing_lines": [], "excluded_lines": []}}, "classes": {"TTLCache": {"executed_lines": [30, 31, 42, 43, 44, 45, 57, 58, 59, 61, 63, 64, 65, 66, 68, 69, 81, 82, 83, 84, 85, 89, 90, 99, 100, 102, 103, 105, 106, 108], "summary": {"covered_lines": 30, "num_statements": 30, "percent_covered": 100.0, "percent_covered_display": "100", "missing_lines": 0, "excluded_lines": 0}, "missing_lines": [], "excluded_lines": []}, "": {"executed_lines": [1, 8, 9, 10, 12, 15, 16, 23, 33, 47, 71, 87, 92], "summary": {"covered_lines": 11, "num_statements": 11, "percent_covered": 100.0, "percent_covered_display": "100", "missing_lines": 0, "excluded_lines": 0}, "missing_lines": [], "excluded_lines": []}}}, "src\\worktree_manager.py": {"executed_lines": [1, 8, 9, 10, 11, 12, 14, 17, 18, 19, 21, 22, 23, 24, 25, 28, 29, 40, 56, 57, 58, 59, 62, 65, 68, 70, 83, 85, 86, 88, 90, 93, 94, 95, 100, 102, 103, 104, 105, 107, 118, 120, 130, 131, 133, 150, 151, 153, 154, 155, 158, 159, 162, 163, 164, 166, 167, 168, 169, 172, 176, 188, 195, 196, 197, 198, 199, 201, 222, 223, 224, 227, 235, 238, 239, 241, 261, 263, 265, 266, 269, 272, 275, 276, 283, 287, 295, 307, 310, 311, 313, 314, 316, 319, 322, 323, 325, 326, 327, 328, 329, 330, 332, 333, 337, 340, 341, 344, 347, 348, 349, 351, 352, 353, 354, 358, 367, 368, 370, 371, 372, 374, 375, 376, 378, 380, 381, 399, 408, 409, 410, 411, 412, 414, 415, 416, 419, 420, 421, 423, 425, 426, 433, 435, 442, 450, 451, 453, 454, 455, 456, 457, 458, 460, 461, 464, 465, 468, 471, 473, 475, 476, 477, 480, 481, 483, 491, 501, 502, 503, 504, 506, 513, 514, 515, 516, 518, 524, 525, 530, 534, 541, 542, 548, 552, 562, 563, 566, 567, 575, 576, 577, 578], "summary": {"covered_lines": 190, "num_statements": 238, "percent_covered": 79.83193277310924, "percent_covered_display": "80", "missing_lines": 48, "excluded_lines": 0}, "missing_lines": [72, 73, 79, 80, 81, 91, 96, 97, 98, 177, 178, 179, 180, 182, 183, 186, 228, 229, 230, 231, 232, 255, 284, 285, 334, 335, 355, 356, 382, 384, 385, 387, 390, 391, 393, 394, 396, 397, 422, 428, 429, 430, 462, 469, 531, 532, 549, 550], "excluded_lines": [], "functions": {"WorktreeManager.__init__": {"executed_lines": [56, 57, 58, 59, 62, 65, 68], "summary": {"covered_lines": 7, "num_statements": 7, "percent_covered": 100.0, "percent_covered_display": "100", "missing_lines": 0, "excluded_lines": 0}, "missing_lines": [], "excluded_lines": []}, "WorktreeManager._detect_repo_root": {"executed_lines": [], "summary": {"covered_lines": 0, "num_statements": 5, "percent_covered": 0.0, "percent_covered_display": "0", "missing_lines": 5, "excluded_lines": 0}, "missing_lines": [72, 73, 79, 80, 81], "excluded_lines": []}, "WorktreeManager._init_registry": {"executed_lines": [85, 86], "summary": {"covered_lines": 2, "num_statements": 2, "percent_covered": 100.0, "percent_covered_display": "100", "missing_lines": 0, "excluded_lines": 0}, "missing_lines": [], "excluded_lines": []}, "WorktreeManager._read_registry": {"executed_lines": [90, 93, 94, 95], "summary": {"covered_lines": 4, "num_statements": 8, "percent_covered": 50.0, "percent_covered_display": "50", "missing_lines": 4, "excluded_lines": 0}, "missing_lines": [91, 96, 97, 98], "excluded_lines": []}, "WorktreeManager._write_registry": {"executed_lines": [102, 103, 104, 105], "summary": {"covered_lines": 4, "num_statements": 4, "percent_covered": 100.0, "percent_covered_display": "100", "missing_lines": 0, "excluded_lines": 0}, "missing_lines": [], "excluded_lines": []}, "WorktreeManager._get_db_suffix": {"executed_lines": [118], "summary": {"covered_lines": 1, "num_statements": 1, "percent_covered": 100.0, "percent_covered_display": "100", "missing_lines": 0, "excluded_lines": 0}, "missing_lines": [], "excluded_lines": []}, "WorktreeManager.get_db_path": {"executed_lines": [130, 131], "summary": {"covered_lines": 2, "num_statements": 2, "percent_covered": 100.0, "percent_covered_display": "100", "missing_lines": 0, "excluded_lines": 0}, "missing_lines": [], "excluded_lines": []}, "WorktreeManager.allocate_port": {"executed_lines": [150, 151, 153, 154, 155, 158, 159, 162, 163, 164, 166, 167, 168, 169, 172, 176], "summary": {"covered_lines": 16, "num_statements": 23, "percent_covered": 69.56521739130434, "percent_covered_display": "70", "missing_lines": 7, "excluded_lines": 0}, "missing_lines": [177, 178, 179, 180, 182, 183, 186], "excluded_lines": []}, "WorktreeManager.release_port": {"executed_lines": [195, 196, 197, 198, 199], "summary": {"covered_lines": 5, "num_statements": 5, "percent_covered": 100.0, "percent_covered_display": "100", "missing_lines": 0, "excluded_lines": 0}, "missing_lines": [], "excluded_lines": []}, "WorktreeManager.create_worktree": {"executed_lines": [222, 223, 224, 227, 235, 238, 239, 241, 261, 263, 265, 266, 269, 272, 275, 276, 283, 287], "summary": {"covered_lines": 18, "num_statements": 26, "percent_covered": 69.23076923076923, "percent_covered_display": "69", "missing_lines": 8, "excluded_lines": 0}, "missing_lines": [228, 229, 230, 231, 232, 255, 284, 285], "excluded_lines": []}, "WorktreeManager.setup_environment": {"executed_lines": [307, 310, 311, 313, 314, 316, 319, 322, 323, 325, 326, 327, 328, 329, 330, 332, 333, 337, 340, 341, 344, 347, 348, 349, 351, 352, 353, 354], "summary": {"covered_lines": 28, "num_statements": 32, "percent_covered": 87.5, "percent_covered_display": "88", "missing_lines": 4, "excluded_lines": 0}, "missing_lines": [334, 335, 355, 356], "excluded_lines": []}, "WorktreeManager.setup_venv_link": {"executed_lines": [367, 368, 370, 371, 372, 374, 375, 376, 378, 380, 381], "summary": {"covered_lines": 11, "num_statements": 21, "percent_covered": 52.38095238095238, "percent_covered_display": "52", "missing_lines": 10, "excluded_lines": 0}, "missing_lines": [382, 384, 385, 387, 390, 391, 393, 394, 396, 397], "excluded_lines": []}, "WorktreeManager.cleanup_worktree": {"executed_lines": [408, 409, 410, 411, 412, 414, 415, 416, 419, 420, 421, 423, 425, 426, 433], "summary": {"covered_lines": 15, "num_statements": 19, "percent_covered": 78.94736842105263, "percent_covered_display": "79", "missing_lines": 4, "excluded_lines": 0}, "missing_lines": [422, 428, 429, 430], "excluded_lines": []}, "WorktreeManager.list_worktrees": {"executed_lines": [442, 450, 451, 453, 454, 455, 456, 457, 458, 460, 461, 464, 465, 468, 471], "summary": {"covered_lines": 15, "num_statements": 17, "percent_covered": 88.23529411764706, "percent_covered_display": "88", "missing_lines": 2, "excluded_lines": 0}, "missing_lines": [462, 469], "excluded_lines": []}, "WorktreeManager._parse_worktree": {"executed_lines": [475, 476, 477, 480, 481, 483], "summary": {"covered_lines": 6, "num_statements": 6, "percent_covered": 100.0, "percent_covered_display": "100", "missing_lines": 0, "excluded_lines": 0}, "missing_lines": [], "excluded_lines": []}, "WorktreeManager.get_worktree_info": {"executed_lines": [501, 502, 503, 504], "summary": {"covered_lines": 4, "num_statements": 4, "percent_covered": 100.0, "percent_covered_display": "100", "missing_lines": 0, "excluded_lines": 0}, "missing_lines": [], "excluded_lines": []}, "WorktreeManager.get_available_capacity": {"executed_lines": [513, 514, 515, 516], "summary": {"covered_lines": 4, "num_statements": 4, "percent_covered": 100.0, "percent_covered_display": "100", "missing_lines": 0, "excluded_lines": 0}, "missing_lines": [], "excluded_lines": []}, "WorktreeManager.prune": {"executed_lines": [524, 525, 530], "summary": {"covered_lines": 3, "num_statements": 5, "percent_covered": 60.0, "percent_covered_display": "60", "missing_lines": 2, "excluded_lines": 0}, "missing_lines": [531, 532], "excluded_lines": []}, "WorktreeManager.get_current_branch": {"executed_lines": [541, 542, 548], "summary": {"covered_lines": 3, "num_statements": 5, "percent_covered": 60.0, "percent_covered_display": "60", "missing_lines": 2, "excluded_lines": 0}, "missing_lines": [549, 550], "excluded_lines": []}, "WorktreeManager.is_worktree": {"executed_lines": [562, 563, 566, 567, 575, 576, 577, 578], "summary": {"covered_lines": 8, "num_statements": 8, "percent_covered": 100.0, "percent_covered_display": "100", "missing_lines": 0, "excluded_lines": 0}, "missing_lines": [], "excluded_lines": []}, "": {"executed_lines": [1, 8, 9, 10, 11, 12, 14, 17, 18, 19, 21, 22, 23, 24, 25, 28, 29, 40, 70, 83, 88, 100, 107, 120, 133, 188, 201, 295, 358, 399, 435, 473, 491, 506, 518, 534, 552], "summary": {"covered_lines": 34, "num_statements": 34, "percent_covered": 100.0, "percent_covered_display": "100", "missing_lines": 0, "excluded_lines": 0}, "missing_lines": [], "excluded_lines": []}}, "classes": {"WorktreeInfo": {"executed_lines": [], "summary": {"covered_lines": 0, "num_statements": 0, "percent_covered": 100.0, "percent_covered_display": "100", "missing_lines": 0, "excluded_lines": 0}, "missing_lines": [], "excluded_lines": []}, "WorktreeManager": {"executed_lines": [56, 57, 58, 59, 62, 65, 68, 85, 86, 90, 93, 94, 95, 102, 103, 104, 105, 118, 130, 131, 150, 151, 153, 154, 155, 158, 159, 162, 163, 164, 166, 167, 168, 169, 172, 176, 195, 196, 197, 198, 199, 222, 223, 224, 227, 235, 238, 239, 241, 261, 263, 265, 266, 269, 272, 275, 276, 283, 287, 307, 310, 311, 313, 314, 316, 319, 322, 323, 325, 326, 327, 328, 329, 330, 332, 333, 337, 340, 341, 344, 347, 348, 349, 351, 352, 353, 354, 367, 368, 370, 371, 372, 374, 375, 376, 378, 380, 381, 408, 409, 410, 411, 412, 414, 415, 416, 419, 420, 421, 423, 425, 426, 433, 442, 450, 451, 453, 454, 455, 456, 457, 458, 460, 461, 464, 465, 468, 471, 475, 476, 477, 480, 481, 483, 501, 502, 503, 504, 513, 514, 515, 516, 524, 525, 530, 541, 542, 548, 562, 563, 566, 567, 575, 576, 577, 578], "summary": {"covered_lines": 156, "num_statements": 204, "percent_covered": 76.47058823529412, "percent_covered_display": "76", "missing_lines": 48, "excluded_lines": 0}, "missing_lines": [72, 73, 79, 80, 81, 91, 96, 97, 98, 177, 178, 179, 180, 182, 183, 186, 228, 229, 230, 231, 232, 255, 284, 285, 334, 335, 355, 356, 382, 384, 385, 387, 390, 391, 393, 394, 396, 397, 422, 428, 429, 430, 462, 469, 531, 532, 549, 550], "excluded_lines": []}, "": {"executed_lines": [1, 8, 9, 10, 11, 12, 14, 17, 18, 19, 21, 22, 23, 24, 25, 28, 29, 40, 70, 83, 88, 100, 107, 120, 133, 188, 201, 295, 358, 399, 435, 473, 491, 506, 518, 534, 552], "summary": {"covered_lines": 34, "num_statements": 34, "percent_covered": 100.0, "percent_covered_display": "100", "missing_lines": 0, "excluded_lines": 0}, "missing_lines": [], "excluded_lines": []}}}}, "totals": {"covered_lines": 875, "num_statements": 965, "percent_covered": 90.67357512953367, "percent_covered_display": "91", "missing_lines": 90, "excluded_lines": 0}}